2026-07-15 09:00:01 INFO web01 Application started
2026-07-15 09:00:03 INFO web01 Connected to database
2026-07-15 09:01:15 WARNING web01 CPU usage at 82%
2026-07-15 09:02:10 ERROR web01 Database connection timeout
2026-07-15 09:03:05 INFO api01 Health check passed
2026-07-15 09:04:17 INFO cache01 Redis cache initialized
2026-07-15 09:05:20 WARNING api01 Memory usage at 88%
2026-07-15 09:06:00 ERROR api01 HTTP 500 Internal Server Error
2026-07-15 09:06:25 INFO web02 User login successful
2026-07-15 09:07:14 ERROR db01 Disk usage exceeded 95%
2026-07-15 09:08:40 INFO web01 Request completed in 123ms
2026-07-15 09:09:01 WARNING web02 Response time exceeded threshold
2026-07-15 09:10:17 INFO api01 Scheduled backup started
2026-07-15 09:11:04 ERROR cache01 Redis connection lost
2026-07-15 09:12:19 INFO cache01 Redis reconnected
2026-07-15 09:13:28 WARNING db01 Slow query detected
2026-07-15 09:14:09 INFO web02 Static assets served
2026-07-15 09:15:50 ERROR web01 Authentication service unavailable
2026-07-15 09:16:42 INFO api01 Backup completed
2026-07-15 09:17:30 INFO web01 Health check passed
2026-07-15 09:18:45 WARNING cache01 Cache hit ratio dropped
2026-07-15 09:19:05 ERROR api01 Service dependency unavailable
2026-07-15 09:20:14 INFO db01 Replication synchronized
2026-07-15 09:21:51 INFO web02 User logout successful
2026-07-15 09:22:10 WARNING web01 SSL certificate expires in 7 days
2026-07-15 09:23:43 ERROR web02 HTTP 502 Bad Gateway
2026-07-15 09:24:18 INFO api01 Metrics pushed successfully
2026-07-15 09:25:09 INFO db01 Connection pool initialized
2026-07-15 09:26:00 WARNING api01 High request latency
2026-07-15 09:27:16 ERROR db01 Failed to acquire database lock
2026-07-15 09:28:51 INFO cache01 Cache cleanup completed
2026-07-15 09:29:33 INFO web01 Request completed in 98ms
2026-07-15 09:30:25 WARNING web02 High network latency
2026-07-15 09:31:40 ERROR cache01 Out of memory
2026-07-15 09:32:14 INFO api01 Service restarted successfully
2026-07-15 09:33:47 INFO db01 Health check passed
2026-07-15 09:34:11 WARNING web01 Failed login attempts exceeded threshold
2026-07-15 09:35:55 ERROR web01 Unable to write to log file
2026-07-15 09:36:26 INFO cache01 Memory reclaimed
2026-07-15 09:37:30 INFO api01 All services operational